Server is listening 5050
TypeError: res.status.json is not a function
    at file:///media/ring/New%20Volume/project/backend-class/index.js:133:23
    at Layer.handleRequest (/media/ring/New Volume/project/backend-class/node_modules/router/lib/layer.js:152:17)
    at next (/media/ring/New Volume/project/backend-class/node_modules/router/lib/route.js:157:13)
    at Route.dispatch (/media/ring/New Volume/project/backend-class/node_modules/router/lib/route.js:117:3)
    at handle (/media/ring/New Volume/project/backend-class/node_modules/router/index.js:435:11)
    at Layer.handleRequest (/media/ring/New Volume/project/backend-class/node_modules/router/lib/layer.js:152:17)
    at /media/ring/New Volume/project/backend-class/node_modules/router/index.js:295:15
    at param (/media/ring/New Volume/project/backend-class/node_modules/router/index.js:600:14)
    at param (/media/ring/New Volume/project/backend-class/node_modules/router/index.js:610:14)
    at processParams (/media/ring/New Volume/project/backend-class/node_modules/router/index.js:664:3)
TypeError: res.status.json is not a function
    at file:///media/ring/New%20Volume/project/backend-class/index.js:133:23
    at Layer.handleRequest (/media/ring/New Volume/project/backend-class/node_modules/router/lib/layer.js:152:17)
    at next (/media/ring/New Volume/project/backend-class/node_modules/router/lib/route.js:157:13)
    at Route.dispatch (/media/ring/New Volume/project/backend-class/node_modules/router/lib/route.js:117:3)
    at handle (/media/ring/New Volume/project/backend-class/node_modules/router/index.js:435:11)
    at Layer.handleRequest (/media/ring/New Volume/project/backend-class/node_modules/router/lib/layer.js:152:17)
    at /media/ring/New Volume/project/backend-class/node_modules/router/index.js:295:15
    at param (/media/ring/New Volume/project/backend-class/node_modules/router/index.js:600:14)
    at param (/media/ring/New Volume/project/backend-class/node_modules/router/index.js:610:14)
    at processParams (/media/ring/New Volume/project/backend-class/node_modules/router/index.js:664:3)
TypeError: res.status.json is not a function
    at file:///media/ring/New%20Volume/project/backend-class/index.js:133:23
    at Layer.handleRequest (/media/ring/New Volume/project/backend-class/node_modules/router/lib/layer.js:152:17)
    at next (/media/ring/New Volume/project/backend-class/node_modules/router/lib/route.js:157:13)
    at Route.dispatch (/media/ring/New Volume/project/backend-class/node_modules/router/lib/route.js:117:3)
    at handle (/media/ring/New Volume/project/backend-class/node_modules/router/index.js:435:11)
    at Layer.handleRequest (/media/ring/New Volume/project/backend-class/node_modules/router/lib/layer.js:152:17)
    at /media/ring/New Volume/project/backend-class/node_modules/router/index.js:295:15
    at param (/media/ring/New Volume/project/backend-class/node_modules/router/index.js:600:14)
    at param (/media/ring/New Volume/project/backend-class/node_modules/router/index.js:610:14)
    at processParams (/media/ring/New Volume/project/backend-class/node_modules/router/index.js:664:3)
node:internal/modules/package_json_reader:314
  throw new ERR_MODULE_NOT_FOUND(packageName, fileURLToPath(base), null);
        ^

Error [ERR_MODULE_NOT_FOUND]: Cannot find package 'express' imported from /home/ring/bash/index.js
    at Object.getPackageJSONURL (node:internal/modules/package_json_reader:314:9)
    at packageResolve (node:internal/modules/esm/resolve:767:81)
    at moduleResolve (node:internal/modules/esm/resolve:853:18)
    at defaultResolve (node:internal/modules/esm/resolve:983:11)
    at #cachedDefaultResolve (node:internal/modules/esm/loader:731:20)
    at ModuleLoader.resolve (node:internal/modules/esm/loader:708:38)
    at ModuleLoader.getModuleJobForImport (node:internal/modules/esm/loader:310:38)
    at ModuleJob._link (node:internal/modules/esm/module_job:182:49) {
  code: 'ERR_MODULE_NOT_FOUND'
}

Node.js v22.21.1
